2024-08-30 10:55:06.151 +03:00 [ERR] Hosting failed to start
System.IO.IOException: Failed to bind to address http://127.0.0.1:5024: address already in use.
 ---> Microsoft.AspNetCore.Connections.AddressInUseException: Only one usage of each socket address (protocol/network address/port) is normally permitted.
 ---> System.Net.Sockets.SocketException (10048): Only one usage of each socket address (protocol/network address/port) is normally permitted.
   at System.Net.Sockets.Socket.UpdateStatusAfterSocketErrorAndThrowException(SocketError error, Boolean disconnectOnFailure, String callerName)
   at System.Net.Sockets.Socket.DoBind(EndPoint endPointSnapshot, SocketAddress socketAddress)
   at System.Net.Sockets.Socket.Bind(EndPoint localEP)
   at Microsoft.AspNetCore.Server.Kestrel.Transport.Sockets.SocketTransportOptions.CreateDefaultBoundListenSocket(EndPoint endpoint)
   at Microsoft.AspNetCore.Server.Kestrel.Transport.Sockets.SocketConnectionListener.Bind()
   --- End of inner exception stack trace ---
   at Microsoft.AspNetCore.Server.Kestrel.Transport.Sockets.SocketConnectionListener.Bind()
   at Microsoft.AspNetCore.Server.Kestrel.Transport.Sockets.SocketTransportFactory.BindAsync(EndPoint endpoint, CancellationToken cancellationToken)
   at Microsoft.AspNetCore.Server.Kestrel.Core.Internal.Infrastructure.TransportManager.BindAsync(EndPoint endPoint, ConnectionDelegate connectionDelegate, EndpointConfig endpointConfig, CancellationToken cancellationToken)
   at Microsoft.AspNetCore.Server.Kestrel.Core.KestrelServerImpl.<>c__DisplayClass28_0`1.<<StartAsync>g__OnBind|0>d.MoveNext()
--- End of stack trace from previous location ---
   at Microsoft.AspNetCore.Server.Kestrel.Core.Internal.AddressBinder.BindEndpointAsync(ListenOptions endpoint, AddressBindContext context, CancellationToken cancellationToken)
   --- End of inner exception stack trace ---
   at Microsoft.AspNetCore.Server.Kestrel.Core.Internal.AddressBinder.BindEndpointAsync(ListenOptions endpoint, AddressBindContext context, CancellationToken cancellationToken)
   at Microsoft.AspNetCore.Server.Kestrel.Core.LocalhostListenOptions.BindAsync(AddressBindContext context, CancellationToken cancellationToken)
   at Microsoft.AspNetCore.Server.Kestrel.Core.Internal.AddressBinder.AddressesStrategy.BindAsync(AddressBindContext context, CancellationToken cancellationToken)
   at Microsoft.AspNetCore.Server.Kestrel.Core.Internal.AddressBinder.BindAsync(ListenOptions[] listenOptions, AddressBindContext context, Func`2 useHttps, CancellationToken cancellationToken)
   at Microsoft.AspNetCore.Server.Kestrel.Core.KestrelServerImpl.BindAsync(CancellationToken cancellationToken)
   at Microsoft.AspNetCore.Server.Kestrel.Core.KestrelServerImpl.StartAsync[TContext](IHttpApplication`1 application, CancellationToken cancellationToken)
   at Microsoft.AspNetCore.Hosting.GenericWebHostService.StartAsync(CancellationToken cancellationToken)
   at Microsoft.Extensions.Hosting.Internal.Host.<StartAsync>b__15_1(IHostedService service, CancellationToken token)
   at Microsoft.Extensions.Hosting.Internal.Host.ForeachService[T](IEnumerable`1 services, CancellationToken token, Boolean concurrent, Boolean abortOnFirstException, List`1 exceptions, Func`3 operation)
2024-08-30 10:56:47.730 +03:00 [INF] Now listening on: http://localhost:5024
2024-08-30 10:56:47.756 +03:00 [INF] Application started. Press Ctrl+C to shut down.
2024-08-30 10:56:47.756 +03:00 [INF] Hosting environment: Development
2024-08-30 10:56:47.756 +03:00 [INF] Content root path: C:\Users\Orange\Desktop\Core-Tasks\Asp Core Api Project\Asp Core Api Project
2024-08-30 10:56:47.849 +03:00 [INF] Request starting HTTP/1.1 GET http://localhost:5024/swagger/index.html - null null
2024-08-30 10:56:47.911 +03:00 [INF] Request finished HTTP/1.1 GET http://localhost:5024/swagger/index.html - 200 null text/html;charset=utf-8 62.4116ms
2024-08-30 10:56:47.978 +03:00 [INF] Request starting HTTP/1.1 GET http://localhost:5024/swagger/v1/swagger.json - null null
2024-08-30 10:56:48.056 +03:00 [INF] Request finished HTTP/1.1 GET http://localhost:5024/swagger/v1/swagger.json - 200 null application/json;charset=utf-8 78.4215ms
2024-08-30 10:57:35.662 +03:00 [INF] Now listening on: http://localhost:5024
2024-08-30 10:57:35.687 +03:00 [INF] Application started. Press Ctrl+C to shut down.
2024-08-30 10:57:35.688 +03:00 [INF] Hosting environment: Development
2024-08-30 10:57:35.688 +03:00 [INF] Content root path: C:\Users\Orange\Desktop\Core-Tasks\Asp Core Api Project\Asp Core Api Project
2024-08-30 10:57:35.775 +03:00 [INF] Request starting HTTP/1.1 GET http://localhost:5024/swagger/index.html - null null
2024-08-30 10:57:35.842 +03:00 [INF] Request finished HTTP/1.1 GET http://localhost:5024/swagger/index.html - 200 null text/html;charset=utf-8 67.2109ms
2024-08-30 10:57:35.960 +03:00 [INF] Request starting HTTP/1.1 GET http://localhost:5024/swagger/v1/swagger.json - null null
2024-08-30 10:57:36.050 +03:00 [INF] Request finished HTTP/1.1 GET http://localhost:5024/swagger/v1/swagger.json - 200 null application/json;charset=utf-8 89.3689ms
2024-08-30 10:58:08.111 +03:00 [INF] Now listening on: http://localhost:5024
2024-08-30 10:58:08.165 +03:00 [INF] Application started. Press Ctrl+C to shut down.
2024-08-30 10:58:08.166 +03:00 [INF] Hosting environment: Development
2024-08-30 10:58:08.166 +03:00 [INF] Content root path: C:\Users\Orange\Desktop\Core-Tasks\Asp Core Api Project\Asp Core Api Project
2024-08-30 10:58:08.282 +03:00 [INF] Request starting HTTP/1.1 GET http://localhost:5024/swagger/index.html - null null
2024-08-30 10:58:08.406 +03:00 [INF] Request finished HTTP/1.1 GET http://localhost:5024/swagger/index.html - 200 null text/html;charset=utf-8 125.0979ms
2024-08-30 10:58:08.514 +03:00 [INF] Request starting HTTP/1.1 GET http://localhost:5024/swagger/v1/swagger.json - null null
2024-08-30 10:58:08.653 +03:00 [INF] Request finished HTTP/1.1 GET http://localhost:5024/swagger/v1/swagger.json - 200 null application/json;charset=utf-8 139.1582ms
2024-08-30 11:05:08.192 +03:00 [INF] Now listening on: http://localhost:5024
2024-08-30 11:05:08.218 +03:00 [INF] Application started. Press Ctrl+C to shut down.
2024-08-30 11:05:08.219 +03:00 [INF] Hosting environment: Development
2024-08-30 11:05:08.219 +03:00 [INF] Content root path: C:\Users\Orange\Desktop\Core-Tasks\Asp Core Api Project\Asp Core Api Project
2024-08-30 11:05:08.339 +03:00 [INF] Request starting HTTP/1.1 GET http://localhost:5024/swagger/index.html - null null
2024-08-30 11:05:08.422 +03:00 [INF] Request finished HTTP/1.1 GET http://localhost:5024/swagger/index.html - 200 null text/html;charset=utf-8 84.2642ms
2024-08-30 11:05:08.488 +03:00 [INF] Request starting HTTP/1.1 GET http://localhost:5024/swagger/v1/swagger.json - null null
2024-08-30 11:05:08.580 +03:00 [INF] Request finished HTTP/1.1 GET http://localhost:5024/swagger/v1/swagger.json - 200 null application/json;charset=utf-8 92.33ms
2024-08-30 11:05:14.226 +03:00 [INF] Request starting HTTP/1.1 GET http://localhost:5024/api/CartItems - null null
2024-08-30 11:05:14.230 +03:00 [WRN] Failed to determine the https port for redirect.
2024-08-30 11:05:14.233 +03:00 [INF] Executing endpoint 'Asp_Core_Api_Project.Controllers.CartItems.Get (Asp Core Api Project)'
2024-08-30 11:05:14.247 +03:00 [INF] Route matched with {action = "Get", controller = "CartItems"}. Executing controller action with signature Microsoft.AspNetCore.Mvc.IActionResult Get() on controller Asp_Core_Api_Project.Controllers.CartItems (Asp Core Api Project).
2024-08-30 11:05:15.599 +03:00 [INF] Executed DbCommand (29ms) [Parameters=[], CommandType='"Text"', CommandTimeout='30']
SELECT [c].[CartItemID] AS [CartItemId], [c].[CartID] AS [CartId], [c].[Quantity], [p].[p_id] AS [PId], [p].[p_name] AS [PName], [p].[p_des] AS [PDes], [p].[p_pric] AS [PPric], [p].[p_image] AS [PImage]
FROM [CartItems] AS [c]
LEFT JOIN [products] AS [p] ON [c].[p_id] = [p].[p_id]
2024-08-30 11:05:15.619 +03:00 [INF] Executing OkObjectResult, writing value of type 'System.Collections.Generic.List`1[[Asp_Core_Api_Project.DTOs.CartItemRsposnceDTO, Asp Core Api Project, Version=1.0.0.0, Culture=neutral, PublicKeyToken=null]]'.
2024-08-30 11:05:15.629 +03:00 [INF] Executed action Asp_Core_Api_Project.Controllers.CartItems.Get (Asp Core Api Project) in 1379.841ms
2024-08-30 11:05:15.629 +03:00 [INF] Executed endpoint 'Asp_Core_Api_Project.Controllers.CartItems.Get (Asp Core Api Project)'
2024-08-30 11:05:15.636 +03:00 [INF] Request finished HTTP/1.1 GET http://localhost:5024/api/CartItems - 200 null application/json; charset=utf-8 1409.4949ms
2024-08-30 11:32:38.666 +03:00 [INF] Now listening on: http://localhost:5024
2024-08-30 11:32:38.718 +03:00 [INF] Application started. Press Ctrl+C to shut down.
2024-08-30 11:32:38.718 +03:00 [INF] Hosting environment: Development
2024-08-30 11:32:38.718 +03:00 [INF] Content root path: C:\Users\Orange\Desktop\Core-Tasks\Asp Core Api Project\Asp Core Api Project
2024-08-30 11:32:38.896 +03:00 [INF] Request starting HTTP/1.1 GET http://localhost:5024/swagger/index.html - null null
2024-08-30 11:32:39.032 +03:00 [INF] Request finished HTTP/1.1 GET http://localhost:5024/swagger/index.html - 200 null text/html;charset=utf-8 137.4919ms
2024-08-30 11:32:39.162 +03:00 [INF] Request starting HTTP/1.1 GET http://localhost:5024/swagger/v1/swagger.json - null null
2024-08-30 11:32:39.323 +03:00 [INF] Request finished HTTP/1.1 GET http://localhost:5024/swagger/v1/swagger.json - 200 null application/json;charset=utf-8 161.5075ms
2024-08-30 11:34:49.828 +03:00 [INF] Now listening on: http://localhost:5024
2024-08-30 11:34:49.855 +03:00 [INF] Application started. Press Ctrl+C to shut down.
2024-08-30 11:34:49.855 +03:00 [INF] Hosting environment: Development
2024-08-30 11:34:49.855 +03:00 [INF] Content root path: C:\Users\Orange\Desktop\Core-Tasks\Asp Core Api Project\Asp Core Api Project
2024-08-30 11:34:49.969 +03:00 [INF] Request starting HTTP/1.1 GET http://localhost:5024/swagger/index.html - null null
2024-08-30 11:34:50.063 +03:00 [INF] Request finished HTTP/1.1 GET http://localhost:5024/swagger/index.html - 200 null text/html;charset=utf-8 94.9848ms
2024-08-30 11:34:50.161 +03:00 [INF] Request starting HTTP/1.1 GET http://localhost:5024/swagger/v1/swagger.json - null null
2024-08-30 11:34:50.273 +03:00 [INF] Request finished HTTP/1.1 GET http://localhost:5024/swagger/v1/swagger.json - 200 null application/json;charset=utf-8 112.6123ms
2024-08-30 11:36:39.619 +03:00 [INF] Request starting HTTP/1.1 GET http://localhost:5024/swagger/index.html - null null
2024-08-30 11:36:39.620 +03:00 [INF] Request finished HTTP/1.1 GET http://localhost:5024/swagger/index.html - 200 null text/html;charset=utf-8 1.4698ms
2024-08-30 11:36:39.659 +03:00 [INF] Request starting HTTP/1.1 GET http://localhost:5024/swagger/v1/swagger.json - null null
2024-08-30 11:36:39.666 +03:00 [INF] Request finished HTTP/1.1 GET http://localhost:5024/swagger/v1/swagger.json - 200 null application/json;charset=utf-8 6.8758ms
